/bin/sh: 1: /var/www/writefreely/writefreely-0.15.1/static/img/resize_and_compress.sh: Permission denied
/bin/sh: 1: /var/www/writefreely/writefreely-0.15.1/static/img/resize_and_compress.sh: Permission denied
/bin/sh: 1: /var/www/writefreely/writefreely-0.15.1/static/img/resize_and_compress.sh: Permission denied
/bin/sh: 1: /var/www/writefreely/writefreely-0.15.1/static/img/resize_and_compress.sh: Permission denied
Cron-Job abgeschlossen: Sa 7. Jun 03:00:01 CEST 2025
Cron-Job abgeschlossen: So 8. Jun 03:00:01 CEST 2025
Cron-Job abgeschlossen: Mo 9. Jun 03:00:01 CEST 2025
Cron-Job abgeschlossen: Di 10. Jun 03:00:01 CEST 2025
Cron-Job abgeschlossen: Mi 11. Jun 03:00:01 CEST 2025
Cron-Job abgeschlossen: Do 12. Jun 03:00:01 CEST 2025
Cron-Job abgeschlossen: Fr 13. Jun 03:00:01 CEST 2025
Cron-Job abgeschlossen: Sa 14. Jun 03:00:01 CEST 2025
Cron-Job abgeschlossen: So 15. Jun 03:00:01 CEST 2025
Cron-Job abgeschlossen: Mo 16. Jun 03:00:02 CEST 2025
Cron-Job abgeschlossen: Di 17. Jun 03:00:02 CEST 2025
Cron-Job abgeschlossen: Mi 18. Jun 03:00:01 CEST 2025
Cron-Job abgeschlossen: Do 19. Jun 03:00:02 CEST 2025
Cron-Job abgeschlossen: Fr 20. Jun 03:00:02 CEST 2025
Cron-Job abgeschlossen: Sa 21. Jun 03:00:01 CEST 2025
Cron-Job abgeschlossen: So 22. Jun 03:00:01 CEST 2025
Cron-Job abgeschlossen: Mon Jun 23 03:00:01 CEST 2025
Cron-Job abgeschlossen: Tue Jun 24 03:00:01 CEST 2025
Cron-Job abgeschlossen: Wed Jun 25 03:00:01 CEST 2025
Cron-Job abgeschlossen: Thu Jun 26 03:00:01 CEST 2025
Cron-Job abgeschlossen: Fri Jun 27 03:00:01 CEST 2025
Cron-Job abgeschlossen: Sat Jun 28 03:00:01 CEST 2025
Cron-Job abgeschlossen: Sun Jun 29 03:00:01 CEST 2025
Cron-Job abgeschlossen: Mon Jun 30 03:00:01 CEST 2025
Cron-Job abgeschlossen: Tue Jul  1 03:00:01 CEST 2025
Cron-Job abgeschlossen: Wed Jul  2 03:00:01 CEST 2025
Cron-Job abgeschlossen: Thu Jul  3 03:00:01 CEST 2025
Cron-Job abgeschlossen: Fri Jul  4 03:00:01 CEST 2025
Cron-Job abgeschlossen: Sat Jul  5 03:00:01 CEST 2025
Cron-Job abgeschlossen: Sun Jul  6 03:00:02 CEST 2025
Cron-Job abgeschlossen: Mon Jul  7 03:00:01 CEST 2025
Cron-Job abgeschlossen: Tue Jul  8 03:00:01 CEST 2025
Cron-Job abgeschlossen: Wed Jul  9 03:00:01 CEST 2025
Cron-Job abgeschlossen: Thu Jul 10 03:00:01 CEST 2025
Cron-Job abgeschlossen: Fri Jul 11 03:00:01 CEST 2025
Cron-Job abgeschlossen: Sat Jul 12 03:00:01 CEST 2025
Cron-Job abgeschlossen: Sun Jul 13 03:00:01 CEST 2025
Cron-Job abgeschlossen: Mon Jul 14 03:00:01 CEST 2025
Cron-Job abgeschlossen: Tue Jul 15 03:00:01 CEST 2025
Cron-Job abgeschlossen: Wed Jul 16 03:00:01 CEST 2025
Cron-Job abgeschlossen: Thu Jul 17 03:00:01 CEST 2025
Cron-Job abgeschlossen: Fri Jul 18 03:00:01 CEST 2025
Cron-Job abgeschlossen: Sat Jul 19 03:00:01 CEST 2025
Cron-Job abgeschlossen: Sun Jul 20 03:00:01 CEST 2025
Cron-Job abgeschlossen: Mon Jul 21 03:00:01 CEST 2025
Cron-Job abgeschlossen: Tue Jul 22 03:00:01 CEST 2025
Cron-Job abgeschlossen: Wed Jul 23 03:00:01 CEST 2025
Cron-Job abgeschlossen: Thu Jul 24 03:00:01 CEST 2025
Cron-Job abgeschlossen: Fri Jul 25 03:00:01 CEST 2025
Cron-Job abgeschlossen: Sat Jul 26 03:00:01 CEST 2025
Cron-Job abgeschlossen: Sun Jul 27 03:00:01 CEST 2025
Cron-Job abgeschlossen: Mon Jul 28 03:00:01 CEST 2025
Cron-Job abgeschlossen: Tue Jul 29 03:00:01 CEST 2025
Cron-Job abgeschlossen: Wed Jul 30 03:00:01 CEST 2025
Cron-Job abgeschlossen: Thu Jul 31 03:00:02 CEST 2025
Cron-Job abgeschlossen: Fri Aug  1 03:00:01 CEST 2025
Cron-Job abgeschlossen: Sat Aug  2 03:00:01 CEST 2025
Cron-Job abgeschlossen: Sun Aug  3 03:00:01 CEST 2025
Cron-Job abgeschlossen: Mon Aug  4 03:00:01 CEST 2025
Cron-Job abgeschlossen: Tue Aug  5 03:00:01 CEST 2025
Cron-Job abgeschlossen: Wed Aug  6 03:00:01 CEST 2025
Cron-Job abgeschlossen: Thu Aug  7 03:00:01 CEST 2025
Cron-Job abgeschlossen: Fri Aug  8 03:00:01 CEST 2025
Cron-Job abgeschlossen: Sat Aug  9 03:00:01 CEST 2025
Cron-Job abgeschlossen: Sun Aug 10 03:00:01 CEST 2025
Cron-Job abgeschlossen: Mon Aug 11 03:00:01 CEST 2025
Cron-Job abgeschlossen: Tue Aug 12 03:00:01 CEST 2025
Cron-Job abgeschlossen: Wed Aug 13 03:00:01 CEST 2025
Cron-Job abgeschlossen: Thu Aug 14 03:00:01 CEST 2025
Cron-Job abgeschlossen: Fri Aug 15 03:00:01 CEST 2025
Cron-Job abgeschlossen: Sat Aug 16 03:00:01 CEST 2025
Cron-Job abgeschlossen: Sun Aug 17 03:00:01 CEST 2025
Cron-Job abgeschlossen: Mon Aug 18 03:00:01 CEST 2025
Cron-Job abgeschlossen: Tue Aug 19 03:00:01 CEST 2025
Cron-Job abgeschlossen: Wed Aug 20 03:00:01 CEST 2025
Cron-Job abgeschlossen: Thu Aug 21 03:00:01 CEST 2025
Cron-Job abgeschlossen: Fri Aug 22 03:00:01 CEST 2025
Cron-Job abgeschlossen: Sat Aug 23 03:00:01 CEST 2025
Cron-Job abgeschlossen: Sun Aug 24 03:00:01 CEST 2025
Cron-Job abgeschlossen: Mon Aug 25 03:00:01 CEST 2025
Cron-Job abgeschlossen: Tue Aug 26 03:00:02 CEST 2025
Cron-Job abgeschlossen: Wed Aug 27 03:00:01 CEST 2025
Cron-Job abgeschlossen: Thu Aug 28 03:00:01 CEST 2025
Cron-Job abgeschlossen: Fri Aug 29 03:00:01 CEST 2025
Cron-Job abgeschlossen: Sat Aug 30 03:00:01 CEST 2025
Cron-Job abgeschlossen: Sun Aug 31 03:00:01 CEST 2025
Cron-Job abgeschlossen: Mon Sep  1 03:00:01 CEST 2025
Cron-Job abgeschlossen: Tue Sep  2 03:00:01 CEST 2025
Cron-Job abgeschlossen: Wed Sep  3 03:00:01 CEST 2025
Cron-Job abgeschlossen: Thu Sep  4 03:00:01 CEST 2025
Cron-Job abgeschlossen: Fri Sep  5 03:00:01 CEST 2025
Cron-Job abgeschlossen: Sat Sep  6 03:00:01 CEST 2025
Cron-Job abgeschlossen: Sun Sep  7 03:00:01 CEST 2025
Cron-Job abgeschlossen: Mon Sep  8 03:00:01 CEST 2025
Cron-Job abgeschlossen: Tue Sep  9 03:00:01 CEST 2025
Cron-Job abgeschlossen: Wed Sep 10 03:00:01 CEST 2025
Cron-Job abgeschlossen: Thu Sep 11 03:00:01 CEST 2025
Cron-Job abgeschlossen: Fri Sep 12 03:00:01 CEST 2025
Cron-Job abgeschlossen: Sat Sep 13 03:00:01 CEST 2025
Cron-Job abgeschlossen: Sun Sep 14 03:00:01 CEST 2025
Cron-Job abgeschlossen: Mon Sep 15 03:00:01 CEST 2025
Cron-Job abgeschlossen: Tue Sep 16 03:00:01 CEST 2025
Cron-Job abgeschlossen: Wed Sep 17 03:00:01 CEST 2025
Cron-Job abgeschlossen: Thu Sep 18 03:00:01 CEST 2025
Cron-Job abgeschlossen: Fri Sep 19 03:00:01 CEST 2025
Cron-Job abgeschlossen: Sat Sep 20 03:00:01 CEST 2025
Cron-Job abgeschlossen: Sun Sep 21 03:00:01 CEST 2025
Cron-Job abgeschlossen: Mon Sep 22 03:00:01 CEST 2025
Cron-Job abgeschlossen: Tue Sep 23 03:00:01 CEST 2025
Cron-Job abgeschlossen: Wed Sep 24 03:00:01 CEST 2025
Cron-Job abgeschlossen: Thu Sep 25 03:00:01 CEST 2025
Cron-Job abgeschlossen: Fri Sep 26 03:00:01 CEST 2025
Cron-Job abgeschlossen: Sat Sep 27 03:00:01 CEST 2025
Cron-Job abgeschlossen: Sun Sep 28 03:00:01 CEST 2025
Cron-Job abgeschlossen: Mon Sep 29 03:00:01 CEST 2025
Cron-Job abgeschlossen: Tue Sep 30 03:00:01 CEST 2025
Cron-Job abgeschlossen: Wed Oct  1 03:00:01 CEST 2025
Cron-Job abgeschlossen: Thu Oct  2 03:00:01 CEST 2025
