bluesky_fca63458_2.jpg
bluesky_00162555_1.jpg
bluesky_37a27b00_1.jpg
bluesky_6fd9047c_1.jpg
bluesky_7f363eb6_1.jpg
ic_edit@2x.png
bluesky_006bc861_1.jpg
bluesky_55a72635_1.jpg
bluesky_81a1ff2e_1.jpg
bluesky_6a0cef3b_1.jpg
bluesky_416249de_1.jpg
bluesky_63a44cfc_1.jpg
bluesky_5902fd84_1.jpg
bluesky_1e83f1af_1.jpg
bluesky_6983386d_1.jpg
bluesky_82e4626c_1.jpg
bluesky_7ed5e1a4_1.jpg
bluesky_a31ed7e7_3.jpg
bluesky_ac37a27c_1.jpg
bluesky_fb1e88db_1.jpg
bluesky_624946b3_1.jpg
bluesky_398af736_1.jpg
bluesky_212a6633_4.jpg
bluesky_a31ed7e7_2.jpg
bluesky_faba02db_1.jpg
touch-icon-152.png
bluesky_b49c3b46_1.jpg
2.jpg
bluesky_b6dc6441_3.jpg
bluesky_86c53f63_3.jpg
bluesky_60e77b4a_1.jpg
bluesky_7c6f62e3_1.jpg
bluesky_5fc71fe1_1.jpg
bluesky_eb773b7d_1.jpg
touch-icon-180.png
bluesky_fca63458_1.jpg
bluesky_59bb8052_1.jpg
bluesky_37660205_1.jpg
bluesky_a5cc2069_1.jpg
bluesky_ed34ad05_1.jpg
bluesky_78f243ee_1.jpg
bluesky_d1342041_1.jpg
bluesky_3f001bc3_1.jpg
bluesky_09abf227_1.jpg
bluesky_b7bbd7d5_1.jpg
bluesky_d3a8a3f5_1.jpg
bluesky_43baeb82_2.jpg
bluesky_a99bf391_1.jpg
bluesky_bf98bdc1_1.jpg
bluesky_88200821_1.jpg
bluesky_35242617_1.jpg
bluesky_4cfa87b1_1.jpg
bluesky_7ce01c3b_1.jpg
bluesky_6af70757_1.jpg
bluesky_185097b6_1.jpg
bluesky_79fe11dd_2.jpg
bluesky_3c9b36c6_1.jpg
bluesky_f76ca8a6_1.jpg
bluesky_66f7f5c1_1.jpg
bluesky_08fb4a80_1.jpg
bluesky_d1d87ac2_1.jpg
ic_blogs_dark@2x.png
bluesky_486af18f_1.jpg
bluesky_00f9f8ea_1.jpg
bluesky_8728ca0f_1.jpg
bluesky_7303e1f2_1.jpg
bluesky_2036201b_1.jpg
bluesky_5a648497_1.jpg
bluesky_fe0a621d_3.jpg
bluesky_7d5266f8_1.jpg
bluesky_53bc9749_1.jpg
bluesky_31861f24_1.jpg
ic_blogs@2x.png
bluesky_ab451576_1.jpg
bluesky_ba5c27a6_1.jpg
bluesky_59b6d578_1.jpg
bluesky_aa1fbc91_1.jpg
ic_down_arrow_dark@2x.png
bluesky_c7d98227_1.jpg
bluesky_4a47f619_1.jpg
bluesky_58828103_2.jpg
bluesky_79fe11dd_3.jpg
ic_send@2x.png
bluesky_e9efd760_1.jpg
bluesky_ca60e3b8_1.jpg
bluesky_2d2190a1_1.jpg
bluesky_8efdd849_1.jpg
bluesky_c53c3980_1.jpg
bluesky_86c53f63_4.jpg
ic_brightness_dark@2x.png
bluesky_9c88a878_1.jpg
bluesky_1a523164_1.jpg
bluesky_64e7aabf_1.jpg
bluesky_b6e98e06_1.jpg
bluesky_7303e1f2_2.jpg
bluesky_42cf98f7_1.jpg
bluesky_f2d4da85_1.jpg
ic_brightness@2x.png
bluesky_91c6d6e3_1.jpg
bluesky_6f8a6015_1.jpg
ic_send_dark@2x.png
bluesky_e90339f2_1.jpg
bluesky_0719c689_1.jpg
ic_list@2x.png
bluesky_ea57c599_1.jpg
bluesky_028da8f3_1.jpg
bluesky_fe0a621d_2.jpg
bluesky_b4d0c922_2.jpg
bluesky_b0932a43_1.jpg
bluesky_cdbdfe47_1.jpg
bluesky_356c523c_1.jpg
bluesky_79fe11dd_1.jpg
bluesky_fcc2a532_1.jpg
bluesky_427363aa_2.jpg
bluesky_ca6e5ecb_1.jpg
bluesky_d7b3251b_1.jpg
bluesky_212a6633_1.jpg
bluesky_274b8f39_1.jpg
bluesky_44a2270d_1.jpg
bluesky_d8ff2b06_1.jpg
bluesky_b794d355_1.jpg
bluesky_6149c535_1.jpg
bluesky_e1498448_1.jpg
wf-sq.png
bluesky_41964bb8_1.jpg
bluesky_a31ed7e7_4.jpg
bluesky_f5f44dc4_1.jpg
touch-icon-167.png
bluesky_51f83e73_1.jpg
bluesky_c100500f_1.jpg
terminaldrome_v0.2.0.png
bluesky_c728f84b_1.jpg
bluesky_e8b6b194_1.jpg
1.jpg
bluesky_b56793c2_1.jpg
bluesky_a31ed7e7_1.jpg
bluesky_90cfee52_1.jpg
bluesky_8f7ad187_2.jpg
bluesky_b43b7ece_1.jpg
sign_in_with_slack.png
bluesky_53bc9749_2.jpg
bluesky_bd5d9574_1.jpg
bluesky_6f228b1e_3.jpg
bluesky_db6fbfd9_1.jpg
bluesky_3162cff7_1.jpg
bluesky_41964bb8_2.jpg
bluesky_53899ca6_1.jpg
bluesky_dc1c1193_1.jpg
bluesky_b4d0c922_3.jpg
bluesky_fedbbfeb_1.jpg
bluesky_fe0a621d_1.jpg
bluesky_b798dadd_1.jpg
bluesky_6d12e8cf_1.jpg
sign_in_with_slack@2x.png
bluesky_66a39763_1.jpg
bluesky_79fe11dd_4.jpg
bluesky_af425de0_1.jpg
bluesky_41c2c6ba_1.jpg
bluesky_a83aac39_1.jpg
bluesky_ee146ce4_1.jpg
bluesky_531905ec_1.jpg
bluesky_2c289a0c_1.jpg
bluesky_61b6c964_1.jpg
bluesky_aa29366a_1.jpg
bluesky_32b8d758_1.jpg
bluesky_850c9a17_1.jpg
bluesky_0b62e67e_1.jpg
bluesky_e9085d3a_1.jpg
bluesky_59b712ae_1.jpg
bluesky_e7293492_1.jpg
bluesky_58828103_1.jpg
bluesky_68500959_1.jpg
bluesky_abe7c44c_1.jpg
bluesky_86c53f63_1.jpg
logo_jm_.png
bluesky_43baeb82_1.jpg
bluesky_4cf219ef_1.jpg
bluesky_53a1c08c_1.jpg
bluesky_8282efe3_1.jpg
bluesky_8f7ad187_1.jpg
ic_font@2x.png
bluesky_7044921b_1.jpg
bluesky_d6a7c18c_1.jpg
bluesky_0a3cd261_1.jpg
bluesky_b6dc6441_1.jpg
bluesky_c8081ad6_1.jpg
bluesky_166cd1ec_1.jpg
bluesky_a7160a8f_1.jpg
bluesky_f35ac8b6_1.jpg
bluesky_8a93f6ed_1.jpg
bluesky_96f2df72_1.jpg
bluesky_30c207f2_1.jpg
bluesky_891ea0b4_1.jpg
bluesky_a169c1f5_2.jpg
bluesky_fe68f1b6_2.jpg
ic_info_dark@2x.png
bluesky_b4d0c922_4.jpg
bluesky_1438f55d_1.jpg
bluesky_c97d5c5e_1.jpg
bluesky_0d288475_1.jpg
bluesky_bb4f3fd3_1.jpg
bluesky_c18b0d3d_1.jpg
bluesky_32b9b8bb_1.jpg
bluesky_c02f0f5c_1.jpg
bluesky_4add1b19_1.jpg
ic_info@2x.png
bluesky_20831775_1.jpg
bluesky_86d5f358_1.jpg
bluesky_ccf42011_1.jpg
bluesky_83f6502c_1.jpg
bluesky_210f7d14_1.jpg
bluesky_b4d0c922_1.jpg
bluesky_ca1b8a4b_1.jpg
bluesky_97e756c7_1.jpg
bluesky_cfdf3ae9_1.jpg
bluesky_6f228b1e_2.jpg
bluesky_cdbdfe47_2.jpg
bluesky_fe68f1b6_1.jpg
bluesky_8cd02277_1.jpg
bluesky_7cc1960b_1.jpg
ic_font_dark@2x.png
bluesky_b6dc6441_2.jpg
bluesky_1b862e5a_1.jpg
bluesky_14888741_1.jpg
bluesky_b6dc6441_4.jpg
bluesky_1d0dd928_1.jpg
bluesky_212a6633_2.jpg
bluesky_883033e9_1.jpg
ic_list_dark@2x.png
ic_down_arrow@2x.png
bluesky_281d6491_1.jpg
bluesky_a169c1f5_1.jpg
bluesky_12afcac8_1.jpg
bluesky_c057ed8a_1.jpg
bluesky_3ed38c7a_1.jpg
bluesky_6bdda700_1.jpg
bluesky_7d174ea9_1.jpg
bluesky_427363aa_1.jpg
bluesky_4f24f7c9_1.jpg
bluesky_86c53f63_2.jpg
bluesky_e3e139a3_1.jpg
bluesky_d360916a_1.jpg
bluesky_eb86589f_1.jpg
bluesky_3642880c_1.jpg
bluesky_f7fc6459_1.jpg
bluesky_53bc9749_3.jpg
bluesky_93e0d89a_1.jpg
bluesky_d1d88ba7_1.jpg
bluesky_f5296176_1.jpg
ic_edit_dark@2x.png
bluesky_6f228b1e_1.jpg
bluesky_01474418_1.jpg
bluesky_246123a2_1.jpg
bluesky_212a6633_3.jpg
bluesky_b43b7ece_2.jpg
bluesky_81de1ae7_1.jpg
rennrad_motobecane.jpeg
bluesky_807d629b_2.jpg
bluesky_f55b4e87_1.jpg
bluesky_09607f81_1.jpg
IMG_1202.jpg
bluesky_9c0bf320_1.jpg
bluesky_807d629b_3.jpg
bluesky_807d629b_1.jpg
IMG_1213.jpg
bluesky_123.jpg
IMG_1223.jpg
bluesky_09607f81_3.jpg
IMG_1220.jpg
bluesky_dd2ec6e5_3.jpg
bluesky_dd2ec6e5_4.jpg
bluesky_09607f81_2.jpg
IMG_1214.jpg
terminaldrome_cover_here-1.png
bluesky_ee414114_1.jpg
bluesky_1f684be7_1.jpg
bluesky_03d518b9_1.jpg
bluesky_d4938e8a_1.jpg
bluesky_dd2ec6e5_2.jpg
bluesky_dd2ec6e5_1.jpg
bluesky_bfd1b00d_1.jpg
bluesky_be2e391e_2.jpg
bluesky_1e5e6782_1.jpg
bluesky_a76f44d5_2.jpg
bluesky_be2e391e_3.jpg
bluesky_0536d9e4_1.jpg
bluesky_e3052903_1.jpg
bluesky_a76f44d5_1.jpg
bluesky_6ec6a73e_2.jpg
bluesky_6ec6a73e_3.jpg
bluesky_f631af5e_1.jpg
bluesky_828e26e2_1.jpg
bluesky_6ec6a73e_4.jpg
bluesky_0536d9e4_2.jpg
#bluesky_6ec6a73e_1.jpg
bluesky_21f55cda_1.jpg
bluesky_a76f44d5_3.jpg
bluesky_5a73ad6b_1.jpg
bluesky_be2e391e_1.jpg
bluesky_a76f44d5_4.jpg
bluesky_6ec6a73e_1.jpg
